checking for a BSD-compatible install... /usr/bin/install -c
checking whether build environment is sane... yes
checking for a thread-safe mkdir -p... /bin/mkdir -p
checking for gawk... gawk
checking whether make sets $(MAKE)... yes
checking whether make supports nested variables... yes
checking for mpicc... mpicc
checking whether the C compiler works... yes
checking for C compiler default output file name... a.out
checking for suffix of executables... 
checking whether we are cross compiling... no
checking for suffix of object files... o
checking whether we are using the GNU C compiler... yes
checking whether mpicc accepts -g... yes
checking for mpicc option to accept ISO C89... none needed
checking whether mpicc understands -c and -o together... yes
checking for style of include used by make... GNU
checking dependency style of mpicc... gcc3
checking for ranlib... ranlib
checking for ar... ar
checking the archiver (ar) interface... ar
checking for sqrt in -lm... yes
checking for gzdopen in -lz... yes
checking for dup2... yes
checking for ftruncate... yes
checking for gettimeofday... yes
checking for memmove... yes
checking for memset... yes
checking for munmap... yes
checking for select... yes
checking for socket... yes
checking for sqrt... yes
checking for strdup... yes
checking for strerror... yes
checking for strstr... yes
checking for strtol... yes
checking for strtoull... yes
checking how to run the C preprocessor... mpicc -E
checking for grep that handles long lines and -e... /bin/grep
checking for egrep... /bin/grep -E
checking for ANSI C header files... yes
checking for sys/types.h... yes
checking for sys/stat.h... yes
checking for stdlib.h... yes
checking for string.h... yes
checking for memory.h... yes
checking for strings.h... yes
checking for inttypes.h... yes
checking for stdint.h... yes
checking for unistd.h... yes
checking pthread.h usability... yes
checking pthread.h presence... yes
checking for pthread.h... yes
checking for getcwd... yes
checking arpa/inet.h usability... yes
checking arpa/inet.h presence... yes
checking for arpa/inet.h... yes
checking fcntl.h usability... yes
checking fcntl.h presence... yes
checking for fcntl.h... yes
checking for inttypes.h... (cached) yes
checking limits.h usability... yes
checking limits.h presence... yes
checking for limits.h... yes
checking netdb.h usability... yes
checking netdb.h presence... yes
checking for netdb.h... yes
checking stddef.h usability... yes
checking stddef.h presence... yes
checking for stddef.h... yes
checking for stdint.h... (cached) yes
checking for stdlib.h... (cached) yes
checking for string.h... (cached) yes
checking sys/socket.h usability... yes
checking sys/socket.h presence... yes
checking for sys/socket.h... yes
checking sys/time.h usability... yes
checking sys/time.h presence... yes
checking for sys/time.h... yes
checking for unistd.h... (cached) yes
checking for stdbool.h that conforms to C99... yes
checking for _Bool... yes
checking for inline... inline
checking for size_t... yes
checking for working alloca.h... yes
checking for alloca... yes
checking for pid_t... yes
checking vfork.h usability... no
checking vfork.h presence... no
checking for vfork.h... no
checking for fork... yes
checking for vfork... yes
checking for working fork... yes
checking for working vfork... (cached) yes
checking for stdlib.h... (cached) yes
checking for GNU libc compatible malloc... yes
checking for stdlib.h... (cached) yes
checking for unistd.h... (cached) yes
checking for sys/param.h... yes
checking for getpagesize... yes
checking for working mmap... yes
checking for stdlib.h... (cached) yes
checking for GNU libc compatible realloc... yes
checking for working strtod... yes
checking for int16_t... yes
checking for int32_t... yes
checking for int64_t... yes
checking for int8_t... yes
checking for off_t... yes
checking for pid_t... (cached) yes
checking for size_t... (cached) yes
checking for ssize_t... yes
checking for uint16_t... yes
checking for uint32_t... yes
checking for uint64_t... yes
checking for uint8_t... yes
checking for special C compiler options needed for large files... no
checking for _FILE_OFFSET_BITS value needed for large files... no
checking that generated files are newer than configure... done
configure: creating ./config.status
config.status: creating Makefile
config.status: creating src/Makefile
config.status: creating src/config.h
config.status: executing depfiles commands
Making all in .
make[1]: Entering directory '/home/ramela/git/paper_review_1012688/alignment/mpiBWA'
make[1]: Nothing to be done for 'all-am'.
make[1]: Leaving directory '/home/ramela/git/paper_review_1012688/alignment/mpiBWA'
Making all in src
make[1]: Entering directory '/home/ramela/git/paper_review_1012688/alignment/mpiBWA/src'
(CDPATH="${ZSH_VERSION+.}:" && cd .. && /bin/bash /home/ramela/git/paper_review_1012688/alignment/mpiBWA/missing autoheader)
rm -f stamp-h1
touch config.h.in
cd .. && /bin/bash ./config.status src/config.h
config.status: creating src/config.h
make  all-am
make[2]: Entering directory '/home/ramela/git/paper_review_1012688/alignment/mpiBWA/src'
mpicc -DHAVE_CONFIG_H -I.  -DUSE_MALLOC_WRAPPERS -DHAVE_PTHREAD   -g -O2 -MT utils.o -MD -MP -MF .deps/utils.Tpo -c -o utils.o utils.c
mv -f .deps/utils.Tpo .deps/utils.Po
mpicc -DHAVE_CONFIG_H -I.  -DUSE_MALLOC_WRAPPERS -DHAVE_PTHREAD   -g -O2 -MT kthread.o -MD -MP -MF .deps/kthread.Tpo -c -o kthread.o kthread.c
mv -f .deps/kthread.Tpo .deps/kthread.Po
mpicc -DHAVE_CONFIG_H -I.  -DUSE_MALLOC_WRAPPERS -DHAVE_PTHREAD   -g -O2 -MT kstring.o -MD -MP -MF .deps/kstring.Tpo -c -o kstring.o kstring.c
mv -f .deps/kstring.Tpo .deps/kstring.Po
mpicc -DHAVE_CONFIG_H -I.  -DUSE_MALLOC_WRAPPERS -DHAVE_PTHREAD   -g -O2 -MT ksw.o -MD -MP -MF .deps/ksw.Tpo -c -o ksw.o ksw.c
mv -f .deps/ksw.Tpo .deps/ksw.Po
mpicc -DHAVE_CONFIG_H -I.  -DUSE_MALLOC_WRAPPERS -DHAVE_PTHREAD   -g -O2 -MT bwt.o -MD -MP -MF .deps/bwt.Tpo -c -o bwt.o bwt.c
mv -f .deps/bwt.Tpo .deps/bwt.Po
mpicc -DHAVE_CONFIG_H -I.  -DUSE_MALLOC_WRAPPERS -DHAVE_PTHREAD   -g -O2 -MT bntseq.o -MD -MP -MF .deps/bntseq.Tpo -c -o bntseq.o bntseq.c
mv -f .deps/bntseq.Tpo .deps/bntseq.Po
mpicc -DHAVE_CONFIG_H -I.  -DUSE_MALLOC_WRAPPERS -DHAVE_PTHREAD   -g -O2 -MT bwa.o -MD -MP -MF .deps/bwa.Tpo -c -o bwa.o bwa.c
mv -f .deps/bwa.Tpo .deps/bwa.Po
mpicc -DHAVE_CONFIG_H -I.  -DUSE_MALLOC_WRAPPERS -DHAVE_PTHREAD   -g -O2 -MT bwamem.o -MD -MP -MF .deps/bwamem.Tpo -c -o bwamem.o bwamem.c
mv -f .deps/bwamem.Tpo .deps/bwamem.Po
mpicc -DHAVE_CONFIG_H -I.  -DUSE_MALLOC_WRAPPERS -DHAVE_PTHREAD   -g -O2 -MT bwamem_pair.o -MD -MP -MF .deps/bwamem_pair.Tpo -c -o bwamem_pair.o bwamem_pair.c
mv -f .deps/bwamem_pair.Tpo .deps/bwamem_pair.Po
mpicc -DHAVE_CONFIG_H -I.  -DUSE_MALLOC_WRAPPERS -DHAVE_PTHREAD   -g -O2 -MT bwamem_extra.o -MD -MP -MF .deps/bwamem_extra.Tpo -c -o bwamem_extra.o bwamem_extra.c
mv -f .deps/bwamem_extra.Tpo .deps/bwamem_extra.Po
mpicc -DHAVE_CONFIG_H -I.  -DUSE_MALLOC_WRAPPERS -DHAVE_PTHREAD   -g -O2 -MT malloc_wrap.o -MD -MP -MF .deps/malloc_wrap.Tpo -c -o malloc_wrap.o malloc_wrap.c
mv -f .deps/malloc_wrap.Tpo .deps/malloc_wrap.Po
rm -f libbwa.a
ar cru libbwa.a utils.o kthread.o kstring.o ksw.o bwt.o bntseq.o bwa.o bwamem.o bwamem_pair.o bwamem_extra.o malloc_wrap.o 
ranlib libbwa.a
mpicc -DHAVE_CONFIG_H -I.  -DUSE_MALLOC_WRAPPERS -DHAVE_PTHREAD   -g -O2 -MT mainParallel.o -MD -MP -MF .deps/mainParallel.Tpo -c -o mainParallel.o mainParallel.c
mv -f .deps/mainParallel.Tpo .deps/mainParallel.Po
mpicc  -g -O2   -o mpiBWA mainParallel.o libbwa.a -lpthread -lz -lm 
mpicc -DHAVE_CONFIG_H -I.  -DUSE_MALLOC_WRAPPERS -DHAVE_PTHREAD   -g -O2 -MT mainParallelByChromosome.o -MD -MP -MF .deps/mainParallelByChromosome.Tpo -c -o mainParallelByChromosome.o mainParallelByChromosome.c
mv -f .deps/mainParallelByChromosome.Tpo .deps/mainParallelByChromosome.Po
mpicc  -g -O2   -o mpiBWAByChr mainParallelByChromosome.o libbwa.a -lpthread -lz -lm 
mpicc -DHAVE_CONFIG_H -I.  -DUSE_MALLOC_WRAPPERS -DHAVE_PTHREAD   -g -O2 -MT pidx.o -MD -MP -MF .deps/pidx.Tpo -c -o pidx.o pidx.c
mv -f .deps/pidx.Tpo .deps/pidx.Po
mpicc  -g -O2   -o mpiBWAIdx pidx.o libbwa.a -lpthread -lz -lm 
make[2]: Leaving directory '/home/ramela/git/paper_review_1012688/alignment/mpiBWA/src'
make[1]: Leaving directory '/home/ramela/git/paper_review_1012688/alignment/mpiBWA/src'
Making install in .
make[1]: Entering directory '/home/ramela/git/paper_review_1012688/alignment/mpiBWA'
make[2]: Entering directory '/home/ramela/git/paper_review_1012688/alignment/mpiBWA'
make[2]: Nothing to be done for 'install-exec-am'.
make[2]: Nothing to be done for 'install-data-am'.
make[2]: Leaving directory '/home/ramela/git/paper_review_1012688/alignment/mpiBWA'
make[1]: Leaving directory '/home/ramela/git/paper_review_1012688/alignment/mpiBWA'
Making install in src
make[1]: Entering directory '/home/ramela/git/paper_review_1012688/alignment/mpiBWA/src'
make[2]: Entering directory '/home/ramela/git/paper_review_1012688/alignment/mpiBWA/src'
 /bin/mkdir -p '/home/ramela/local/mpiBWA/bin'
  /usr/bin/install -c mpiBWA mpiBWAByChr mpiBWAIdx '/home/ramela/local/mpiBWA/bin'
make[2]: Nothing to be done for 'install-data-am'.
make[2]: Leaving directory '/home/ramela/git/paper_review_1012688/alignment/mpiBWA/src'
make[1]: Leaving directory '/home/ramela/git/paper_review_1012688/alignment/mpiBWA/src'
