[34mINFO:   [0m Starting build...
Getting image source signatures
Skipping fetch of repeat blob sha256:23884877105a7ff84a910895cd044061a4561385ff6c36480ee080b76ec0e771
Skipping fetch of repeat blob sha256:bc38caa0f5b94141276220daaf428892096e4afd24b05668cd188311e00a635f
Skipping fetch of repeat blob sha256:2910811b6c4227c2f42aaea9a3dd5f53b1d469f67e2cf7e601f631b119b61ff7
Skipping fetch of repeat blob sha256:36505266dcc64eeb1010bd2112e6f73981e1a8246e4f6d4e287763b57f101b0b
Copying config sha256:a0a91ba64d5bae825e23f0272bcfd9841ef54e90d3cb53e179146662947fccec
 0 B / 2.42 KiB [--------------------------------------------------------------] 2.42 KiB / 2.42 KiB [======================================================] 0s
Writing manifest to image destination
Storing signatures
[34mINFO:   [0m Running setup scriptlet
+ mkdir -p /tmp/sbuild-945567086/fs/opt
[34mINFO:   [0m Running post scriptlet
+ apt-get update
+ apt-get install -y git automake openmpi-common libopenmpi-dev make zlib1g-dev
debconf: delaying package configuration, since apt-utils is not installed
+ git clone https://github.com/bioinfo-pf-curie/mpiSORT.git
Cloning into 'mpiSORT'...
+ cd mpiSORT
+ aclocal
+ autoconf
+ automake --add-missing
configure.ac:8: installing './compile'
configure.ac:5: installing './install-sh'
configure.ac:5: installing './missing'
src/Makefile.am: installing './depcomp'
+ ./configure CC=/usr/bin/mpicc --prefix=/opt/mpiSORT
+ make
mpiSort.c: In function 'main':
mpiSort.c:430:2: warning: implicit declaration of function 'malloc_trim'; did you mean 'malloc'? [-Wimplicit-function-declaration]
  malloc_trim(0);
  ^~~~~~~~~~~
  malloc
mpiSort.c:268:3: warning: ignoring return value of 'asprintf', declared with attribute warn_unused_result [-Wunused-result]
   asprintf(&chrNames[nbchr++],"%s_%s", chrNames[nbchr - 1], DISCORDANT);
   ^~~~~~~~~~~~~~~~~~~~~~~~~~~~~~~~~~~~~~~~~~~~~~~~~~~~~~~~~~~~~~~~~~~~~
mpiSort.c:269:3: warning: ignoring return value of 'asprintf', declared with attribute warn_unused_result [-Wunused-result]
   asprintf(&chrNames[nbchr++],"%s_%s", chrNames[nbchr - 1], UNMAPPED);
   ^~~~~~~~~~~~~~~~~~~~~~~~~~~~~~~~~~~~~~~~~~~~~~~~~~~~~~~~~~~~~~~~~~~
mpiSort.c:283:2: warning: ignoring return value of 'asprintf', declared with attribute warn_unused_result [-Wunused-result]
  asprintf(&header, "@HD\tVN:1.0\tSO:%s\n%s", sort_name, hbuf);
  ^~~~~~~~~~~~~~~~~~~~~~~~~~~~~~~~~~~~~~~~~~~~~~~~~~~~~~~~~~~~
parallelBitonicSort.c: In function 'Local_sort':
parallelBitonicSort.c:213:2: warning: implicit declaration of function 'malloc_trim'; did you mean 'malloc'? [-Wimplicit-function-declaration]
  malloc_trim(0);
  ^~~~~~~~~~~
  malloc
parallelBitonicSort2.c: In function 'Local_sort2':
parallelBitonicSort2.c:228:2: warning: implicit declaration of function 'malloc_trim'; did you mean 'malloc'? [-Wimplicit-function-declaration]
  malloc_trim(0);
  ^~~~~~~~~~~
  malloc
parallelBitonicSort3.c: In function 'Local_sort3':
parallelBitonicSort3.c:216:2: warning: implicit declaration of function 'malloc_trim'; did you mean 'malloc'? [-Wimplicit-function-declaration]
  malloc_trim(0);
  ^~~~~~~~~~~
  malloc
In file included from write.c:38:0:
bgzf.c: In function 'bgzf_check_EOF':
bgzf.c:681:2: warning: ignoring return value of 'fread', declared with attribute warn_unused_result [-Wunused-result]
  fread(buf, 1, 28, fp->file);
  ^~~~~~~~~~~~~~~~~~~~~~~~~~~
+ make install
Getting image source signatures
Skipping fetch of repeat blob sha256:23884877105a7ff84a910895cd044061a4561385ff6c36480ee080b76ec0e771
Skipping fetch of repeat blob sha256:bc38caa0f5b94141276220daaf428892096e4afd24b05668cd188311e00a635f
Skipping fetch of repeat blob sha256:2910811b6c4227c2f42aaea9a3dd5f53b1d469f67e2cf7e601f631b119b61ff7
Skipping fetch of repeat blob sha256:36505266dcc64eeb1010bd2112e6f73981e1a8246e4f6d4e287763b57f101b0b
Copying config sha256:a0a91ba64d5bae825e23f0272bcfd9841ef54e90d3cb53e179146662947fccec
 0 B / 2.42 KiB [--------------------------------------------------------------] 2.42 KiB / 2.42 KiB [======================================================] 0s
Writing manifest to image destination
Storing signatures
[34mINFO:   [0m Copying /tmp/sbuild-945567086/fs/opt/mpiSORT to /tmp/sbuild-071838709/fs/opt/mpiSORT
[34mINFO:   [0m Running post scriptlet
+ apt-get update
+ apt-get install -y libopenmpi-dev
debconf: delaying package configuration, since apt-utils is not installed
+ apt-get clean
[34mINFO:   [0m Adding environment to container
[34mINFO:   [0m Adding runscript
[34mINFO:   [0m Creating SIF file...
[34mINFO:   [0m Build complete: mpiSORT-ubuntu.img
